<?xml version="1.0" encoding="UTF-8"?>
<!-- Generated by org.testng.reporters.JUnitReportReporter -->
<testsuite skipped="0" hostname="BDC6-DX-5F1HXH2" name="testMeApp.onlineShopping" tests="4" failures="0" timestamp="23 Sep 2019 09:10:12 GMT" time="22.504" errors="0">
  <testcase name="testRegistration" time="12.194" classname="testMeApp.onlineShopping"/>
  <testcase name="testLogin" time="2.050" classname="testMeApp.onlineShopping"/>
  <testcase name="testCart" time="3.516" classname="testMeApp.onlineShopping"/>
  <testcase name="testPayment" time="4.744" classname="testMeApp.onlineShopping"/>
</testsuite> <!-- testMeApp.onlineShopping -->
